c:\users\illus\desktop\development\c++\airbooks\x64\debug\vc143.pdb
c:\users\illus\desktop\development\c++\airbooks\x64\debug\.netframework,version=4.7.2.assemblyattributes.obj
c:\users\illus\desktop\development\c++\airbooks\x64\debug\main.obj
c:\users\illus\desktop\development\c++\airbooks\x64\debug\user.obj
c:\users\illus\desktop\development\c++\airbooks\x64\debug\system.buffers.dll
c:\users\illus\desktop\development\c++\airbooks\x64\debug\system.memory.dll
c:\users\illus\desktop\development\c++\airbooks\x64\debug\system.numerics.vectors.dll
c:\users\illus\desktop\development\c++\airbooks\x64\debug\system.runtime.compilerservices.unsafe.dll
c:\users\illus\desktop\development\c++\airbooks\x64\debug\system.threading.tasks.extensions.dll
c:\users\illus\desktop\development\c++\airbooks\x64\debug\airbooks.exe
c:\users\illus\desktop\development\c++\airbooks\x64\debug\airbooks.pdb
c:\users\illus\desktop\development\c++\airbooks\x64\debug\airbooks.tlog\metagen.write.1.tlog
c:\users\illus\desktop\development\c++\airbooks\x64\debug\account.obj
c:\users\illus\desktop\development\c++\airbooks\x64\debug\flight.obj
c:\users\illus\desktop\development\c++\airbooks\x64\debug\flightmanager.obj
c:\users\illus\desktop\development\c++\airbooks\x64\debug\landing.obj
c:\users\illus\desktop\development\c++\airbooks\x64\debug\login.obj
c:\users\illus\desktop\development\c++\airbooks\x64\debug\vc142.pdb
c:\users\illus\desktop\development\c++\airbooks\x64\debug\system.buffers.xml
c:\users\illus\desktop\development\c++\airbooks\x64\debug\system.memory.xml
c:\users\illus\desktop\development\c++\airbooks\x64\debug\system.numerics.vectors.xml
c:\users\illus\desktop\development\c++\airbooks\x64\debug\system.runtime.compilerservices.unsafe.xml
c:\users\illus\desktop\development\c++\airbooks\x64\debug\system.threading.tasks.extensions.xml
c:\users\illus\desktop\development\c++\airbooks\x64\debug\airbooks.exe.metagen
c:\users\illus\desktop\development\c++\airbooks\x64\debug\airbooks.tlog\cl.command.1.tlog
c:\users\illus\desktop\development\c++\airbooks\x64\debug\airbooks.tlog\cl.items.tlog
c:\users\illus\desktop\development\c++\airbooks\x64\debug\airbooks.tlog\cl.read.1.tlog
c:\users\illus\desktop\development\c++\airbooks\x64\debug\airbooks.tlog\cl.write.1.tlog
c:\users\illus\desktop\development\c++\airbooks\x64\debug\airbooks.tlog\copylocal.read.1u.tlog
c:\users\illus\desktop\development\c++\airbooks\x64\debug\airbooks.tlog\copylocal.write.1u.tlog
c:\users\illus\desktop\development\c++\airbooks\x64\debug\airbooks.tlog\link.command.1.tlog
c:\users\illus\desktop\development\c++\airbooks\x64\debug\airbooks.tlog\link.read.1.tlog
c:\users\illus\desktop\development\c++\airbooks\x64\debug\airbooks.tlog\link.write.1.tlog
c:\users\illus\desktop\development\c++\airbooks\x64\debug\airbooks.tlog\metagen.read.1.tlog
c:\users\illus\desktop\development\c++\airbooks\x64\debug\airbooks.tlog\resgen.command.1.tlog
c:\users\illus\desktop\development\c++\airbooks\x64\debug\airbooks.tlog\resgen.read.1.tlog
c:\users\illus\desktop\development\c++\airbooks\x64\debug\airbooks.tlog\resgen.write.1.tlog
c:\users\illus\desktop\development\c++\airbooks\x64\debug\airbooks.tlog\airbooksdbhandler.dll.metagen
c:\users\illus\desktop\development\c++\airbooks\x64\debug\airbooks.tlog\mysql.data.dll.metagen
c:\users\illus\desktop\development\c++\airbooks\x64\debug\airbooks.tlog\mysqlconnector.dll.metagen
c:\users\illus\desktop\development\c++\airbooks\x64\debug\airbooks.tlog\system.buffers.dll.metagen
c:\users\illus\desktop\development\c++\airbooks\x64\debug\airbooks.tlog\system.memory.dll.metagen
c:\users\illus\desktop\development\c++\airbooks\x64\debug\airbooks.tlog\system.numerics.vectors.dll.metagen
c:\users\illus\desktop\development\c++\airbooks\x64\debug\airbooks.tlog\system.runtime.compilerservices.unsafe.dll.metagen
c:\users\illus\desktop\development\c++\airbooks\x64\debug\airbooks.tlog\system.threading.tasks.extensions.dll.metagen
c:\users\illus\desktop\development\c++\airbooks\x64\debug\airbooks.tlog\clui.dll.bi
